<?xml version="1.0" encoding="UTF-8"?>
<!-- Generated by org.testng.reporters.JUnitReportReporter -->
<testsuite skipped="1" hostname="Aditya" name="com.letsKodeIt.testclasses.LoginTest2" tests="2" failures="0" timestamp="2020-12-05T01:02:50 IST" time="17.307" errors="0">
  <testcase name="test1" time="17.307" classname="com.letsKodeIt.testclasses.LoginTest2"/>
  <system-out/>
  <testcase name="test2" classname="com.letsKodeIt.testclasses.LoginTest2">
    <skipped/>
  </testcase> <!-- test2 -->
  <system-out/>
</testsuite> <!-- com.letsKodeIt.testclasses.LoginTest2 -->
