<?xml version="1.0" encoding="UTF-8"?>
<!-- Generated by org.testng.reporters.JUnitReportReporter -->
<testsuite skipped="0" hostname="Aditya" name="com.letsKodeIt.testclasses.LoginTest" tests="1" failures="0" timestamp="2020-12-02T16:40:20 IST" time="11.308" errors="0">
  <testcase name="test3" time="11.308" classname="com.letsKodeIt.testclasses.LoginTest"/>
  <system-out/>
</testsuite> <!-- com.letsKodeIt.testclasses.LoginTest -->
