<?xml version="1.0" encoding="UTF-8"?>
<!-- Generated by org.testng.reporters.JUnitReportReporter -->
<testsuite skipped="0" hostname="Aditya" name="com.letsKodeIt.testclasses.LoginTestCaptchaWebsite" tests="1" failures="0" timestamp="2020-12-02T21:11:56 IST" time="9.975" errors="0">
  <testcase name="test3" time="9.975" classname="com.letsKodeIt.testclasses.LoginTestCaptchaWebsite"/>
  <system-out/>
</testsuite> <!-- com.letsKodeIt.testclasses.LoginTestCaptchaWebsite -->
