<?xml version="1.0" encoding="UTF-8"?>
<!-- Generated by org.testng.reporters.JUnitReportReporter -->
<testsuite skipped="0" hostname="Aditya" name="com.letsKodeIt.testclasses.LoginTestFullFunctionality" tests="3" failures="0" timestamp="2020-12-06T02:04:12 IST" time="27.260" errors="0">
  <testcase name="test2" time="6.060" classname="com.letsKodeIt.testclasses.LoginTestFullFunctionality"/>
  <system-out/>
  <testcase name="test3" time="6.385" classname="com.letsKodeIt.testclasses.LoginTestFullFunctionality"/>
  <system-out/>
  <testcase name="test1" time="14.815" classname="com.letsKodeIt.testclasses.LoginTestFullFunctionality"/>
  <system-out/>
</testsuite> <!-- com.letsKodeIt.testclasses.LoginTestFullFunctionality -->
